<?xml version="1.0" encoding="UTF-8"?>
<!-- Generated by org.testng.reporters.JUnitXMLReporter -->
<testsuite hostname="admin" name="Default test" tests="8" failures="0" timestamp="25 Feb 2016 19:14:20 GMT" time="9.566" errors="0">
  <testcase name="ConfirmEmail" time="1.87" classname="fbregistration.Register"/>
  <testcase name="DateOfBirth" time="1.148" classname="fbregistration.Register"/>
  <testcase name="Email" time="0.102" classname="fbregistration.Register"/>
  <testcase name="EnterFirstName" time="0.085" classname="fbregistration.Register"/>
  <testcase name="EnterLastName" time="0.068" classname="fbregistration.Register"/>
  <testcase name="Gender" time="0.118" classname="fbregistration.Register"/>
  <testcase name="Password" time="0.088" classname="fbregistration.Register"/>
  <testcase name="Register" time="0.127" classname="fbregistration.Register"/>
</testsuite> <!-- Default test -->
